# JRE version: Java(TM) SE Runtime Environment (8.0_73-b02) (build 1.8.0_73-b02)
# Java VM: Java HotSpot(TM) 64-Bit Server VM (25.73-b02 mixed mode windows-amd64 compressed oops)
Heap:
 PSYoungGen      total 502272K, used 358224K [0x000000076c380000, 0x000000078e800000, 0x00000007c0000000)
  eden space 482816K, 72% used [0x000000076c380000,0x0000000781a739d0,0x0000000789b00000)
  from space 19456K, 36% used [0x0000000789b00000,0x000000078a1e07d0,0x000000078ae00000)
  to   space 18432K, 0% used [0x000000078d600000,0x000000078d600000,0x000000078e800000)
 ParOldGen       total 247808K, used 20548K [0x00000006c4a00000, 0x00000006d3c00000, 0x000000076c380000)
  object space 247808K, 8% used [0x00000006c4a00000,0x00000006c5e11110,0x00000006d3c00000)
 Metaspace       used 71911K, capacity 75834K, committed 75928K, reserved 1116160K
  class space    used 9167K, capacity 9828K, committed 9896K, reserved 1048576K
GC Heap History (10 events):
Event: 305.127 GC heap before
{Heap before GC invocations=21 (full 5):
 PSYoungGen      total 442880K, used 438784K [0x000000076c380000, 0x0000000789900000, 0x00000007c0000000)
  eden space 438784K, 100% used [0x000000076c380000,0x0000000787000000,0x0000000787000000)
  from space 4096K, 0% used [0x0000000787000000,0x0000000787000000,0x0000000787400000)
  to   space 20992K, 0% used [0x0000000788480000,0x0000000788480000,0x0000000789900000)
 ParOldGen       total 247808K, used 20702K [0x00000006c4a00000, 0x00000006d3c00000, 0x000000076c380000)
  object space 247808K, 8% used [0x00000006c4a00000,0x00000006c5e37978,0x00000006d3c00000)
 Metaspace       used 69682K, capacity 73460K, committed 73752K, reserved 1114112K
  class space    used 9013K, capacity 9673K, committed 9768K, reserved 1048576K
Event: 305.133 GC heap after
Heap after GC invocations=21 (full 5):
 PSYoungGen      total 459776K, used 3327K [0x000000076c380000, 0x000000078cb80000, 0x00000007c0000000)
  eden space 438784K, 0% used [0x000000076c380000,0x000000076c380000,0x0000000787000000)
  from space 20992K, 15% used [0x0000000788480000,0x00000007887bff60,0x0000000789900000)
  to   space 20992K, 0% used [0x0000000787000000,0x0000000787000000,0x0000000788480000)
 ParOldGen       total 247808K, used 20710K [0x00000006c4a00000, 0x00000006d3c00000, 0x000000076c380000)
  object space 247808K, 8% used [0x00000006c4a00000,0x00000006c5e39978,0x00000006d3c00000)
 Metaspace       used 69682K, capacity 73460K, committed 73752K, reserved 1114112K
  class space    used 9013K, capacity 9673K, committed 9768K, reserved 1048576K
}
Event: 310.051 GC heap before
{Heap before GC invocations=22 (full 5):
 PSYoungGen      total 459776K, used 442111K [0x000000076c380000, 0x000000078cb80000, 0x00000007c0000000)
  eden space 438784K, 100% used [0x000000076c380000,0x0000000787000000,0x0000000787000000)
  from space 20992K, 15% used [0x0000000788480000,0x00000007887bff60,0x0000000789900000)
  to   space 20992K, 0% used [0x0000000787000000,0x0000000787000000,0x0000000788480000)
 ParOldGen       total 247808K, used 20710K [0x00000006c4a00000, 0x00000006d3c00000, 0x000000076c380000)
  object space 247808K, 8% used [0x00000006c4a00000,0x00000006c5e39978,0x00000006d3c00000)
 Metaspace       used 70572K, capacity 74316K, committed 74520K, reserved 1114112K
  class space    used 9075K, capacity 9721K, committed 9768K, reserved 1048576K
Event: 310.059 GC heap after
Heap after GC invocations=22 (full 5):
 PSYoungGen      total 459776K, used 6331K [0x000000076c380000, 0x000000078c200000, 0x00000007c0000000)
  eden space 438784K, 0% used [0x000000076c380000,0x000000076c380000,0x0000000787000000)
  from space 20992K, 30% used [0x0000000787000000,0x000000078762ef20,0x0000000788480000)
  to   space 19968K, 0% used [0x000000078ae80000,0x000000078ae80000,0x000000078c200000)
 ParOldGen       total 247808K, used 20718K [0x00000006c4a00000, 0x00000006d3c00000, 0x000000076c380000)
  object space 247808K, 8% used [0x00000006c4a00000,0x00000006c5e3b978,0x00000006d3c00000)
 Metaspace       used 70572K, capacity 74316K, committed 74520K, reserved 1114112K
  class space    used 9075K, capacity 9721K, committed 9768K, reserved 1048576K
}
Event: 330.282 GC heap before
{Heap before GC invocations=23 (full 5):
 PSYoungGen      total 459776K, used 48268K [0x000000076c380000, 0x000000078c200000, 0x00000007c0000000)
  eden space 438784K, 9% used [0x000000076c380000,0x000000076ec74358,0x0000000787000000)
  from space 20992K, 30% used [0x0000000787000000,0x000000078762ef20,0x0000000788480000)
  to   space 19968K, 0% used [0x000000078ae80000,0x000000078ae80000,0x000000078c200000)
 ParOldGen       total 247808K, used 20718K [0x00000006c4a00000, 0x00000006d3c00000, 0x000000076c380000)
  object space 247808K, 8% used [0x00000006c4a00000,0x00000006c5e3b978,0x00000006d3c00000)
 Metaspace       used 70711K, capacity 74520K, committed 74776K, reserved 1114112K
  class space    used 9081K, capacity 9724K, committed 9768K, reserved 1048576K
Event: 330.285 GC heap after
Heap after GC invocations=23 (full 5):
 PSYoungGen      total 501760K, used 3161K [0x000000076c380000, 0x000000078c100000, 0x00000007c0000000)
  eden space 482816K, 0% used [0x000000076c380000,0x000000076c380000,0x0000000789b00000)
  from space 18944K, 16% used [0x000000078ae80000,0x000000078b196428,0x000000078c100000)
  to   space 19456K, 0% used [0x0000000789b00000,0x0000000789b00000,0x000000078ae00000)
 ParOldGen       total 247808K, used 20726K [0x00000006c4a00000, 0x00000006d3c00000, 0x000000076c380000)
  object space 247808K, 8% used [0x00000006c4a00000,0x00000006c5e3d978,0x00000006d3c00000)
 Metaspace       used 70711K, capacity 74520K, committed 74776K, reserved 1114112K
  class space    used 9081K, capacity 9724K, committed 9768K, reserved 1048576K
}
Event: 330.285 GC heap before
{Heap before GC invocations=24 (full 6):
 PSYoungGen      total 501760K, used 3161K [0x000000076c380000, 0x000000078c100000, 0x00000007c0000000)
  eden space 482816K, 0% used [0x000000076c380000,0x000000076c380000,0x0000000789b00000)
  from space 18944K, 16% used [0x000000078ae80000,0x000000078b196428,0x000000078c100000)
  to   space 19456K, 0% used [0x0000000789b00000,0x0000000789b00000,0x000000078ae00000)
 ParOldGen       total 247808K, used 20726K [0x00000006c4a00000, 0x00000006d3c00000, 0x000000076c380000)
  object space 247808K, 8% used [0x00000006c4a00000,0x00000006c5e3d978,0x00000006d3c00000)
 Metaspace       used 70711K, capacity 74520K, committed 74776K, reserved 1114112K
  class space    used 9081K, capacity 9724K, committed 9768K, reserved 1048576K
Event: 330.431 GC heap after
Heap after GC invocations=24 (full 6):
 PSYoungGen      total 501760K, used 0K [0x000000076c380000, 0x000000078c100000, 0x00000007c0000000)
  eden space 482816K, 0% used [0x000000076c380000,0x000000076c380000,0x0000000789b00000)
  from space 18944K, 0% used [0x000000078ae80000,0x000000078ae80000,0x000000078c100000)
  to   space 19456K, 0% used [0x0000000789b00000,0x0000000789b00000,0x000000078ae00000)
 ParOldGen       total 247808K, used 20540K [0x00000006c4a00000, 0x00000006d3c00000, 0x000000076c380000)
  object space 247808K, 8% used [0x00000006c4a00000,0x00000006c5e0f110,0x00000006d3c00000)
 Metaspace       used 70705K, capacity 74508K, committed 74776K, reserved 1114112K
  class space    used 9079K, capacity 9721K, committed 9768K, reserved 1048576K
}
Event: 335.019 GC heap before
{Heap before GC invocations=25 (full 6):
 PSYoungGen      total 501760K, used 482816K [0x000000076c380000, 0x000000078c100000, 0x00000007c0000000)
  eden space 482816K, 100% used [0x000000076c380000,0x0000000789b00000,0x0000000789b00000)
  from space 18944K, 0% used [0x000000078ae80000,0x000000078ae80000,0x000000078c100000)
  to   space 19456K, 0% used [0x0000000789b00000,0x0000000789b00000,0x000000078ae00000)
 ParOldGen       total 247808K, used 20540K [0x00000006c4a00000, 0x00000006d3c00000, 0x000000076c380000)
  object space 247808K, 8% used [0x00000006c4a00000,0x00000006c5e0f110,0x00000006d3c00000)
 Metaspace       used 71617K, capacity 75522K, committed 75672K, reserved 1116160K
  class space    used 9153K, capacity 9818K, committed 9896K, reserved 1048576K
Event: 335.027 GC heap after
Heap after GC invocations=25 (full 6):
 PSYoungGen      total 502272K, used 7041K [0x000000076c380000, 0x000000078e800000, 0x00000007c0000000)
  eden space 482816K, 0% used [0x000000076c380000,0x000000076c380000,0x0000000789b00000)
  from space 19456K, 36% used [0x0000000789b00000,0x000000078a1e07d0,0x000000078ae00000)
  to   space 18432K, 0% used [0x000000078d600000,0x000000078d600000,0x000000078e800000)
 ParOldGen       total 247808K, used 20548K [0x00000006c4a00000, 0x00000006d3c00000, 0x000000076c380000)
  object space 247808K, 8% used [0x00000006c4a00000,0x00000006c5e11110,0x00000006d3c00000)
 Metaspace       used 71617K, capacity 75522K, committed 75672K, reserved 1116160K
  class space    used 9153K, capacity 9818K, committed 9896K, reserved 1048576K
}

