# JRE version: Java(TM) SE Runtime Environment (8.0_73-b02) (build 1.8.0_73-b02)
# Java VM: Java HotSpot(TM) 64-Bit Server VM (25.73-b02 mixed mode windows-amd64 compressed oops)
Heap:
 PSYoungGen      total 357888K, used 256307K [0x000000076c380000, 0x0000000785d00000, 0x00000007c0000000)
  eden space 337408K, 74% used [0x000000076c380000,0x000000077b85b190,0x0000000780d00000)
  from space 20480K, 27% used [0x0000000780d00000,0x0000000781271db8,0x0000000782100000)
  to   space 19968K, 0% used [0x0000000784980000,0x0000000784980000,0x0000000785d00000)
 ParOldGen       total 247808K, used 24485K [0x00000006c4a00000, 0x00000006d3c00000, 0x000000076c380000)
  object space 247808K, 9% used [0x00000006c4a00000,0x00000006c61e9730,0x00000006d3c00000)
 Metaspace       used 68386K, capacity 71666K, committed 71704K, reserved 1112064K
  class space    used 8943K, capacity 9483K, committed 9512K, reserved 1048576K
GC Heap History (10 events):
Event: 14.205 GC heap before
{Heap before GC invocations=10 (full 2):
 PSYoungGen      total 290304K, used 10741K [0x000000076c380000, 0x000000077f080000, 0x00000007c0000000)
  eden space 279552K, 0% used [0x000000076c380000,0x000000076c380000,0x000000077d480000)
  from space 10752K, 99% used [0x000000077e600000,0x000000077f07d470,0x000000077f080000)
  to   space 12800K, 0% used [0x000000077d780000,0x000000077d780000,0x000000077e400000)
 ParOldGen       total 99840K, used 9254K [0x00000006c4a00000, 0x00000006cab80000, 0x000000076c380000)
  object space 99840K, 9% used [0x00000006c4a00000,0x00000006c53098a8,0x00000006cab80000)
 Metaspace       used 33673K, capacity 35448K, committed 35496K, reserved 1081344K
  class space    used 4164K, capacity 4502K, committed 4520K, reserved 1048576K
Event: 14.349 GC heap after
Heap after GC invocations=10 (full 2):
 PSYoungGen      total 290304K, used 0K [0x000000076c380000, 0x000000077f080000, 0x00000007c0000000)
  eden space 279552K, 0% used [0x000000076c380000,0x000000076c380000,0x000000077d480000)
  from space 10752K, 0% used [0x000000077e600000,0x000000077e600000,0x000000077f080000)
  to   space 12800K, 0% used [0x000000077d780000,0x000000077d780000,0x000000077e400000)
 ParOldGen       total 166912K, used 16747K [0x00000006c4a00000, 0x00000006ced00000, 0x000000076c380000)
  object space 166912K, 10% used [0x00000006c4a00000,0x00000006c5a5acb0,0x00000006ced00000)
 Metaspace       used 33673K, capacity 35448K, committed 35496K, reserved 1081344K
  class space    used 4164K, capacity 4502K, committed 4520K, reserved 1048576K
}
Event: 20.503 GC heap before
{Heap before GC invocations=11 (full 2):
 PSYoungGen      total 290304K, used 279552K [0x000000076c380000, 0x000000077f080000, 0x00000007c0000000)
  eden space 279552K, 100% used [0x000000076c380000,0x000000077d480000,0x000000077d480000)
  from space 10752K, 0% used [0x000000077e600000,0x000000077e600000,0x000000077f080000)
  to   space 12800K, 0% used [0x000000077d780000,0x000000077d780000,0x000000077e400000)
 ParOldGen       total 166912K, used 16747K [0x00000006c4a00000, 0x00000006ced00000, 0x000000076c380000)
  object space 166912K, 10% used [0x00000006c4a00000,0x00000006c5a5acb0,0x00000006ced00000)
 Metaspace       used 49028K, capacity 51048K, committed 51368K, reserved 1093632K
  class space    used 6336K, capacity 6748K, committed 6824K, reserved 1048576K
Event: 20.526 GC heap after
Heap after GC invocations=11 (full 2):
 PSYoungGen      total 295424K, used 12779K [0x000000076c380000, 0x0000000783480000, 0x00000007c0000000)
  eden space 282624K, 0% used [0x000000076c380000,0x000000076c380000,0x000000077d780000)
  from space 12800K, 99% used [0x000000077d780000,0x000000077e3fac10,0x000000077e400000)
  to   space 19968K, 0% used [0x0000000782100000,0x0000000782100000,0x0000000783480000)
 ParOldGen       total 166912K, used 29138K [0x00000006c4a00000, 0x00000006ced00000, 0x000000076c380000)
  object space 166912K, 17% used [0x00000006c4a00000,0x00000006c6674af0,0x00000006ced00000)
 Metaspace       used 49028K, capacity 51048K, committed 51368K, reserved 1093632K
  class space    used 6336K, capacity 6748K, committed 6824K, reserved 1048576K
}
Event: 24.196 GC heap before
{Heap before GC invocations=12 (full 2):
 PSYoungGen      total 295424K, used 176928K [0x000000076c380000, 0x0000000783480000, 0x00000007c0000000)
  eden space 282624K, 58% used [0x000000076c380000,0x00000007763cd670,0x000000077d780000)
  from space 12800K, 99% used [0x000000077d780000,0x000000077e3fac10,0x000000077e400000)
  to   space 19968K, 0% used [0x0000000782100000,0x0000000782100000,0x0000000783480000)
 ParOldGen       total 166912K, used 29138K [0x00000006c4a00000, 0x00000006ced00000, 0x000000076c380000)
  object space 166912K, 17% used [0x00000006c4a00000,0x00000006c6674af0,0x00000006ced00000)
 Metaspace       used 56847K, capacity 59048K, committed 59160K, reserved 1099776K
  class space    used 7533K, capacity 7964K, committed 7976K, reserved 1048576K
Event: 24.232 GC heap after
Heap after GC invocations=12 (full 2):
 PSYoungGen      total 357376K, used 13047K [0x000000076c380000, 0x0000000783d80000, 0x00000007c0000000)
  eden space 337408K, 0% used [0x000000076c380000,0x000000076c380000,0x0000000780d00000)
  from space 19968K, 65% used [0x0000000782100000,0x0000000782dbdf28,0x0000000783480000)
  to   space 20480K, 0% used [0x0000000780d00000,0x0000000780d00000,0x0000000782100000)
 ParOldGen       total 166912K, used 29146K [0x00000006c4a00000, 0x00000006ced00000, 0x000000076c380000)
  object space 166912K, 17% used [0x00000006c4a00000,0x00000006c6676af0,0x00000006ced00000)
 Metaspace       used 56847K, capacity 59048K, committed 59160K, reserved 1099776K
  class space    used 7533K, capacity 7964K, committed 7976K, reserved 1048576K
}
Event: 24.232 GC heap before
{Heap before GC invocations=13 (full 3):
 PSYoungGen      total 357376K, used 13047K [0x000000076c380000, 0x0000000783d80000, 0x00000007c0000000)
  eden space 337408K, 0% used [0x000000076c380000,0x000000076c380000,0x0000000780d00000)
  from space 19968K, 65% used [0x0000000782100000,0x0000000782dbdf28,0x0000000783480000)
  to   space 20480K, 0% used [0x0000000780d00000,0x0000000780d00000,0x0000000782100000)
 ParOldGen       total 166912K, used 29146K [0x00000006c4a00000, 0x00000006ced00000, 0x000000076c380000)
  object space 166912K, 17% used [0x00000006c4a00000,0x00000006c6676af0,0x00000006ced00000)
 Metaspace       used 56847K, capacity 59048K, committed 59160K, reserved 1099776K
  class space    used 7533K, capacity 7964K, committed 7976K, reserved 1048576K
Event: 24.722 GC heap after
Heap after GC invocations=13 (full 3):
 PSYoungGen      total 357376K, used 0K [0x000000076c380000, 0x0000000783d80000, 0x00000007c0000000)
  eden space 337408K, 0% used [0x000000076c380000,0x000000076c380000,0x0000000780d00000)
  from space 19968K, 0% used [0x0000000782100000,0x0000000782100000,0x0000000783480000)
  to   space 20480K, 0% used [0x0000000780d00000,0x0000000780d00000,0x0000000782100000)
 ParOldGen       total 247808K, used 24477K [0x00000006c4a00000, 0x00000006d3c00000, 0x000000076c380000)
  object space 247808K, 9% used [0x00000006c4a00000,0x00000006c61e7730,0x00000006d3c00000)
 Metaspace       used 56843K, capacity 59042K, committed 59160K, reserved 1099776K
  class space    used 7533K, capacity 7963K, committed 7976K, reserved 1048576K
}
Event: 29.217 GC heap before
{Heap before GC invocations=14 (full 3):
 PSYoungGen      total 357376K, used 337408K [0x000000076c380000, 0x0000000783d80000, 0x00000007c0000000)
  eden space 337408K, 100% used [0x000000076c380000,0x0000000780d00000,0x0000000780d00000)
  from space 19968K, 0% used [0x0000000782100000,0x0000000782100000,0x0000000783480000)
  to   space 20480K, 0% used [0x0000000780d00000,0x0000000780d00000,0x0000000782100000)
 ParOldGen       total 247808K, used 24477K [0x00000006c4a00000, 0x00000006d3c00000, 0x000000076c380000)
  object space 247808K, 9% used [0x00000006c4a00000,0x00000006c61e7730,0x00000006d3c00000)
 Metaspace       used 60531K, capacity 63078K, committed 63256K, reserved 1103872K
  class space    used 7973K, capacity 8421K, committed 8488K, reserved 1048576K
Event: 29.232 GC heap after
Heap after GC invocations=14 (full 3):
 PSYoungGen      total 357888K, used 5575K [0x000000076c380000, 0x0000000785d00000, 0x00000007c0000000)
  eden space 337408K, 0% used [0x000000076c380000,0x000000076c380000,0x0000000780d00000)
  from space 20480K, 27% used [0x0000000780d00000,0x0000000781271db8,0x0000000782100000)
  to   space 19968K, 0% used [0x0000000784980000,0x0000000784980000,0x0000000785d00000)
 ParOldGen       total 247808K, used 24485K [0x00000006c4a00000, 0x00000006d3c00000, 0x000000076c380000)
  object space 247808K, 9% used [0x00000006c4a00000,0x00000006c61e9730,0x00000006d3c00000)
 Metaspace       used 60531K, capacity 63078K, committed 63256K, reserved 1103872K
  class space    used 7973K, capacity 8421K, committed 8488K, reserved 1048576K
}

